Started GET "/" for ::1 at 2019-12-22 19:58:16 +0000
Processing by Rails::WelcomeController#index as HTML
  Rendering /Users/fayhussein/.rvm/gems/ruby-2.6.0/gems/railties-5.2.4.1/lib/rails/templates/rails/welcome/index.html.erb
  Rendered /Users/fayhussein/.rvm/gems/ruby-2.6.0/gems/railties-5.2.4.1/lib/rails/templates/rails/welcome/index.html.erb (6.7ms)
Completed 200 OK in 141ms (Views: 22.5ms | ActiveRecord: 0.0ms)


Started GET "/" for ::1 at 2019-12-22 20:19:51 +0000
Processing by Rails::WelcomeController#index as HTML
  Rendering /Users/fayhussein/.rvm/gems/ruby-2.6.0/gems/railties-5.2.4.1/lib/rails/templates/rails/welcome/index.html.erb
  Rendered /Users/fayhussein/.rvm/gems/ruby-2.6.0/gems/railties-5.2.4.1/lib/rails/templates/rails/welcome/index.html.erb (243.7ms)
Completed 200 OK in 453ms (Views: 431.1ms | ActiveRecord: 0.0ms)


Started GET "/home/index" for ::1 at 2019-12-22 20:19:54 +0000
Processing by HomeController#index as HTML
  Rendering home/index.html.erb within layouts/application
  Rendered home/index.html.erb within layouts/application (3.3ms)
Completed 200 OK in 1820ms (Views: 1705.9ms | ActiveRecord: 0.0ms)


Started GET "/" for ::1 at 2019-12-22 20:25:27 +0000
Processing by HomeController#index as HTML
  Rendering home/index.html.erb within layouts/application
  Rendered home/index.html.erb within layouts/application (3.7ms)
Completed 200 OK in 778ms (Views: 764.9ms | ActiveRecord: 0.0ms)


Started GET "/" for ::1 at 2019-12-22 20:25:41 +0000
Processing by Rails::WelcomeController#index as HTML
  Rendering /Users/fayhussein/.rvm/gems/ruby-2.6.0/gems/railties-5.2.4.1/lib/rails/templates/rails/welcome/index.html.erb
  Rendered /Users/fayhussein/.rvm/gems/ruby-2.6.0/gems/railties-5.2.4.1/lib/rails/templates/rails/welcome/index.html.erb (3.8ms)
Completed 200 OK in 14ms (Views: 7.9ms | ActiveRecord: 0.0ms)


  [1m[35m (745.9ms)[0m  [1m[35mCREATE DATABASE "development_petstagram" ENCODING = 'utf8'[0m
  ↳ bin/rails:9
  [1m[35m (1051.3ms)[0m  [1m[35mCREATE DATABASE "test_petstagram" ENCODING = 'utf8'[0m
  ↳ bin/rails:9
Started GET "/" for ::1 at 2019-12-22 20:35:53 +0000
Processing by HomeController#index as HTML
  Rendering home/index.html.erb within layouts/application
  Rendered home/index.html.erb within layouts/application (3.8ms)
Started GET "/" for ::1 at 2019-12-22 20:35:54 +0000
Processing by HomeController#index as HTML
  Rendering home/index.html.erb within layouts/application
  Rendered home/index.html.erb within layouts/application (1.6ms)
Completed 200 OK in 4590ms (Views: 4587.7ms | ActiveRecord: 0.0ms)


Completed 200 OK in 5604ms (Views: 5569.7ms | ActiveRecord: 0.0ms)


Started GET "/" for ::1 at 2019-12-22 20:36:37 +0000
Processing by HomeController#index as HTML
  Rendering home/index.html.erb within layouts/application
  Rendered home/index.html.erb within layouts/application (0.5ms)
Completed 200 OK in 81ms (Views: 78.8ms | ActiveRecord: 0.0ms)


Started GET "/" for ::1 at 2019-12-22 21:06:56 +0000
Processing by HomeController#index as HTML
  Rendering home/index.html.erb within layouts/application
  Rendered home/index.html.erb within layouts/application (4.5ms)
Completed 500 Internal Server Error in 477ms (ActiveRecord: 0.0ms)


  
ActionView::Template::Error (Invalid CSS after "": expected selector or at-rule, was "/*"):
    4:     <title>Petstagram</title>
    5:     <%= csrf_meta_tags %>
    6: 
    7:     <%= stylesheet_link_tag    'application', media: 'all', 'data-turbolinks-track': 'reload' %>
    8:     <%= javascript_include_tag 'application', 'data-turbolinks-track': 'reload' %>
    9:   </head>
   10: 
  
app/assets/stylesheets/application.scss:1
app/views/layouts/application.html.erb:7:in `_app_views_layouts_application_html_erb___2099292781005594223_70321742522320'
Started GET "/" for ::1 at 2019-12-22 21:08:18 +0000
Processing by HomeController#index as HTML
  Rendering home/index.html.erb within layouts/application
  Rendered home/index.html.erb within layouts/application (3.5ms)
Completed 500 Internal Server Error in 314ms (ActiveRecord: 0.0ms)


  
ActionView::Template::Error (Invalid CSS after "...ith ❤ by GitHub": expected "{", was ""):
    4:     <title>Petstagram</title>
    5:     <%= csrf_meta_tags %>
    6: 
    7:     <%= stylesheet_link_tag    'application', media: 'all', 'data-turbolinks-track': 'reload' %>
    8:     <%= javascript_include_tag 'application', 'data-turbolinks-track': 'reload' %>
    9:   </head>
   10: 
  
app/assets/stylesheets/application.scss:53
app/views/layouts/application.html.erb:7:in `_app_views_layouts_application_html_erb__3275700342461763623_70211018135840'
Started GET "/" for ::1 at 2019-12-22 21:10:20 +0000
Processing by HomeController#index as HTML
  Rendering home/index.html.erb within layouts/application
  Rendered home/index.html.erb within layouts/application (4.2ms)
Completed 500 Internal Server Error in 253ms (ActiveRecord: 0.0ms)


  
ActionView::Template::Error (Invalid CSS after "...ith ❤ by GitHub": expected "{", was ""):
    4:     <title>Petstagram</title>
    5:     <%= csrf_meta_tags %>
    6: 
    7:     <%= stylesheet_link_tag    'application', media: 'all', 'data-turbolinks-track': 'reload' %>
    8:     <%= javascript_include_tag 'application', 'data-turbolinks-track': 'reload' %>
    9:   </head>
   10: 
  
app/assets/stylesheets/application.scss:54
app/views/layouts/application.html.erb:7:in `_app_views_layouts_application_html_erb___883563969148362883_70203283822940'
Started GET "/" for ::1 at 2019-12-22 21:12:27 +0000
Processing by HomeController#index as HTML
  Rendering home/index.html.erb within layouts/application
  Rendered home/index.html.erb within layouts/application (3.7ms)
Completed 200 OK in 13809ms (Views: 13801.7ms | ActiveRecord: 0.0ms)


Started GET "/" for ::1 at 2019-12-22 21:12:48 +0000
Processing by HomeController#index as HTML
  Rendering home/index.html.erb within layouts/application
  Rendered home/index.html.erb within layouts/application (0.6ms)
Completed 200 OK in 60ms (Views: 57.4ms | ActiveRecord: 0.0ms)


Started GET "/" for ::1 at 2019-12-22 21:12:49 +0000
Processing by HomeController#index as HTML
  Rendering home/index.html.erb within layouts/application
  Rendered home/index.html.erb within layouts/application (0.5ms)
Completed 200 OK in 61ms (Views: 59.4ms | ActiveRecord: 0.0ms)


Started GET "/" for ::1 at 2019-12-22 21:13:54 +0000
Processing by HomeController#index as HTML
  Rendering home/index.html.erb within layouts/application
  Rendered home/index.html.erb within layouts/application (0.6ms)
Completed 200 OK in 360ms (Views: 314.5ms | ActiveRecord: 0.0ms)


Started GET "/" for ::1 at 2019-12-22 21:13:57 +0000
Processing by HomeController#index as HTML
  Rendering home/index.html.erb within layouts/application
  Rendered home/index.html.erb within layouts/application (0.5ms)
Completed 200 OK in 51ms (Views: 49.2ms | ActiveRecord: 0.0ms)


Started GET "/" for ::1 at 2019-12-22 21:14:12 +0000
Processing by HomeController#index as HTML
  Rendering home/index.html.erb within layouts/application
  Rendered home/index.html.erb within layouts/application (2.9ms)
Completed 500 Internal Server Error in 17ms (ActiveRecord: 0.0ms)


  
SyntaxError (/Users/fayhussein/Petstagram/app/views/layouts/application.html.erb:17: syntax error, unexpected ')'
...pend=( fa_stacked_icon "Paw", );@output_buffer.safe_append='
...                              ^
/Users/fayhussein/Petstagram/app/views/layouts/application.html.erb:63: syntax error, unexpected ensure, expecting ')'
          ensure
          ^~~~~~
/Users/fayhussein/Petstagram/app/views/layouts/application.html.erb:65: syntax error, unexpected end, expecting ')'
          end
          ^~~):
  
app/views/layouts/application.html.erb:17: syntax error, unexpected ')'
app/views/layouts/application.html.erb:63: syntax error, unexpected ensure, expecting ')'
app/views/layouts/application.html.erb:65: syntax error, unexpected end, expecting ')'
Started GET "/" for ::1 at 2019-12-22 21:14:24 +0000
Processing by HomeController#index as HTML
  Rendering home/index.html.erb within layouts/application
  Rendered home/index.html.erb within layouts/application (1.6ms)
Completed 200 OK in 509ms (Views: 506.5ms | ActiveRecord: 0.0ms)


Started GET "/" for ::1 at 2019-12-22 21:14:38 +0000
Processing by HomeController#index as HTML
  Rendering home/index.html.erb within layouts/application
  Rendered home/index.html.erb within layouts/application (0.4ms)
Completed 200 OK in 133ms (Views: 131.3ms | ActiveRecord: 0.0ms)


Started GET "/" for ::1 at 2019-12-22 21:14:39 +0000
Processing by HomeController#index as HTML
  Rendering home/index.html.erb within layouts/application
  Rendered home/index.html.erb within layouts/application (0.4ms)
Completed 200 OK in 50ms (Views: 48.6ms | ActiveRecord: 0.0ms)


Started GET "/" for ::1 at 2019-12-22 21:15:32 +0000
Processing by HomeController#index as HTML
  Rendering home/index.html.erb within layouts/application
  Rendered home/index.html.erb within layouts/application (0.6ms)
Completed 200 OK in 296ms (Views: 294.7ms | ActiveRecord: 0.0ms)


Started GET "/" for ::1 at 2019-12-22 21:16:32 +0000
Processing by HomeController#index as HTML
  Rendering home/index.html.erb within layouts/application
  Rendered home/index.html.erb within layouts/application (2.2ms)
Completed 200 OK in 352ms (Views: 346.7ms | ActiveRecord: 0.0ms)


Started GET "/" for ::1 at 2019-12-22 21:17:02 +0000
Processing by HomeController#index as HTML
  Rendering home/index.html.erb within layouts/application
  Rendered home/index.html.erb within layouts/application (0.7ms)
Completed 200 OK in 207ms (Views: 204.7ms | ActiveRecord: 0.0ms)


Started GET "/" for ::1 at 2019-12-22 21:17:08 +0000
Processing by HomeController#index as HTML
  Rendering home/index.html.erb within layouts/application
  Rendered home/index.html.erb within layouts/application (0.6ms)
Completed 200 OK in 165ms (Views: 163.3ms | ActiveRecord: 0.0ms)


Started GET "/" for ::1 at 2019-12-22 21:19:35 +0000
Processing by HomeController#index as HTML
  Rendering home/index.html.erb within layouts/application
  Rendered home/index.html.erb within layouts/application (3.2ms)
Completed 200 OK in 359ms (Views: 353.6ms | ActiveRecord: 0.0ms)


Started GET "/" for ::1 at 2019-12-22 21:19:37 +0000
Processing by HomeController#index as HTML
  Rendering home/index.html.erb within layouts/application
  Rendered home/index.html.erb within layouts/application (0.8ms)
Completed 200 OK in 142ms (Views: 141.1ms | ActiveRecord: 0.0ms)


Started GET "/" for ::1 at 2019-12-22 21:22:09 +0000
Processing by HomeController#index as HTML
  Rendering home/index.html.erb within layouts/application
  Rendered home/index.html.erb within layouts/application (0.6ms)
Completed 200 OK in 567ms (Views: 564.5ms | ActiveRecord: 0.0ms)


Started GET "/" for ::1 at 2019-12-22 21:22:19 +0000
Processing by HomeController#index as HTML
  Rendering home/index.html.erb within layouts/application
  Rendered home/index.html.erb within layouts/application (1.9ms)
Completed 200 OK in 102ms (Views: 98.1ms | ActiveRecord: 0.0ms)


Started GET "/" for ::1 at 2019-12-22 21:22:56 +0000
Processing by HomeController#index as HTML
  Rendering home/index.html.erb within layouts/application
  Rendered home/index.html.erb within layouts/application (0.7ms)
Completed 200 OK in 431ms (Views: 428.6ms | ActiveRecord: 0.0ms)


Started GET "/" for ::1 at 2019-12-22 21:23:07 +0000
Processing by HomeController#index as HTML
  Rendering home/index.html.erb within layouts/application
  Rendered home/index.html.erb within layouts/application (0.5ms)
Completed 200 OK in 54ms (Views: 52.2ms | ActiveRecord: 0.0ms)


Started GET "/" for ::1 at 2019-12-22 21:23:19 +0000
Processing by HomeController#index as HTML
  Rendering home/index.html.erb within layouts/application
  Rendered home/index.html.erb within layouts/application (0.6ms)
Completed 200 OK in 114ms (Views: 112.3ms | ActiveRecord: 0.0ms)


Started GET "/" for ::1 at 2019-12-22 21:23:20 +0000
Processing by HomeController#index as HTML
  Rendering home/index.html.erb within layouts/application
  Rendered home/index.html.erb within layouts/application (0.4ms)
Completed 200 OK in 51ms (Views: 49.8ms | ActiveRecord: 0.0ms)


Started GET "/" for ::1 at 2019-12-22 21:23:28 +0000
Processing by HomeController#index as HTML
  Rendering home/index.html.erb within layouts/application
  Rendered home/index.html.erb within layouts/application (1.2ms)
Completed 200 OK in 74ms (Views: 72.9ms | ActiveRecord: 0.0ms)


